<?xml version="1.0" encoding="UTF-8" ?>
<testsuite tests="51" failures="0" name="cz.muni.pv168.dragonrental.backend.DragonManagerImplTest" time="3.161" errors="0" skipped="0">
  <properties>
[...]
</properties>
  <testcase classname="cz.muni.pv168.dragonrental.backend.DragonManagerImplTest" name="testUpdateDragonBornToday" time="1.149"/>
  <testcase classname="cz.muni.pv168.dragonrental.backend.DragonManagerImplTest" name="testCreateNullDragon" time="0.016"/>
  <testcase classname="cz.muni.pv168.dragonrental.backend.DragonManagerImplTest" name="testFindDragonsByNameElementSpeed" time="0.085"/>
  <testcase classname="cz.muni.pv168.dragonrental.backend.DragonManagerImplTest" name="testFindDragonsByName" time="0.099"/>
  <testcase classname="cz.muni.pv168.dragonrental.backend.DragonManagerImplTest" name="testGetDragonByNullId" time="0.043"/>
  <testcase classname="cz.muni.pv168.dragonrental.backend.DragonManagerImplTest" name="testGetDragonByIdWithSqlException" time="0.147"/>
  <testcase classname="cz.muni.pv168.dragonrental.backend.DragonManagerImplTest" name="getDragonByInvalidId" time="0.031"/>
  <testcase classname="cz.muni.pv168.dragonrental.backend.DragonManagerImplTest" name="testDeleteNullDragon" time="0.032"/>
  <testcase classname="cz.muni.pv168.dragonrental.backend.DragonManagerImplTest" name="testCreateDragonWithNullElement" time="0.039"/>
  <testcase classname="cz.muni.pv168.dragonrental.backend.DragonManagerImplTest" name="testCreateDragonWithNullName" time="0.027"/>
  <testcase classname="cz.muni.pv168.dragonrental.backend.DragonManagerImplTest" name="testFindDragonsByMaxSpeed" time="0.057"/>
  <testcase classname="cz.muni.pv168.dragonrental.backend.DragonManagerImplTest" name="testCreateDragonWithNegativeSpeed" time="0.023"/>
  <testcase classname="cz.muni.pv168.dragonrental.backend.DragonManagerImplTest" name="testUpdateNullDragon" time="0.029"/>
  <testcase classname="cz.muni.pv168.dragonrental.backend.DragonManagerImplTest" name="testUpdateDragonElement" time="0.044"/>
  <testcase classname="cz.muni.pv168.dragonrental.backend.DragonManagerImplTest" name="testUpdateNonExistingDragon" time="0.04"/>
  <testcase classname="cz.muni.pv168.dragonrental.backend.DragonManagerImplTest" name="testRemoveDragonWithSqlException" time="0.068"/>
  <testcase classname="cz.muni.pv168.dragonrental.backend.DragonManagerImplTest" name="testCreateDragonBornAfterNow" time="0.032"/>
  <testcase classname="cz.muni.pv168.dragonrental.backend.DragonManagerImplTest" name="testFindDragonsByDateOfBirth" time="0.08"/>
  <testcase classname="cz.muni.pv168.dragonrental.backend.DragonManagerImplTest" name="testUpdateDragonWithSqlException" time="0.039"/>
  <testcase classname="cz.muni.pv168.dragonrental.backend.DragonManagerImplTest" name="testFindDragonsById" time="0.061"/>
  <testcase classname="cz.muni.pv168.dragonrental.backend.DragonManagerImplTest" name="testUpdateDragon" time="0.052"/>
  <testcase classname="cz.muni.pv168.dragonrental.backend.DragonManagerImplTest" name="testRemoveDragon" time="0.052"/>
  <testcase classname="cz.muni.pv168.dragonrental.backend.DragonManagerImplTest" name="testCreateDragonWithID" time="0.028"/>
  <testcase classname="cz.muni.pv168.dragonrental.backend.DragonManagerImplTest" name="testFindDragonsByIdElement" time="0.053"/>
  <testcase classname="cz.muni.pv168.dragonrental.backend.DragonManagerImplTest" name="testListAllDragons" time="0.032"/>
  <testcase classname="cz.muni.pv168.dragonrental.backend.DragonManagerImplTest" name="testFindDragonWithNullID" time="0.041"/>
  <testcase classname="cz.muni.pv168.dragonrental.backend.DragonManagerImplTest" name="testUpdateDragonBornTomorrow" time="0.015"/>
  <testcase classname="cz.muni.pv168.dragonrental.backend.DragonManagerImplTest" name="testDeleteDragonWithNullId" time="0.031"/>
  <testcase classname="cz.muni.pv168.dragonrental.backend.DragonManagerImplTest" name="testUpdateDragonDateOfBirth" time="0.032"/>
  <testcase classname="cz.muni.pv168.dragonrental.backend.DragonManagerImplTest" name="testCreateDragonWithNullDateOfBirth" time="0.022"/>
  <testcase classname="cz.muni.pv168.dragonrental.backend.DragonManagerImplTest" name="testCreateDragonWithEmptyName" time="0.031"/>
  <testcase classname="cz.muni.pv168.dragonrental.backend.DragonManagerImplTest" name="testUpdateDragonWithNullId" time="0.016"/>
  <testcase classname="cz.muni.pv168.dragonrental.backend.DragonManagerImplTest" name="testUpdateDragonWithEmptyName" time="0.051"/>
  <testcase classname="cz.muni.pv168.dragonrental.backend.DragonManagerImplTest" name="testDeleteNonExistingDragon" time="0.018"/>
  <testcase classname="cz.muni.pv168.dragonrental.backend.DragonManagerImplTest" name="testFindDragonsByElement" time="0.031"/>
  <testcase classname="cz.muni.pv168.dragonrental.backend.DragonManagerImplTest" name="testListAllDragonsWithSqlException" time="0.031"/>
  <testcase classname="cz.muni.pv168.dragonrental.backend.DragonManagerImplTest" name="testFindAllDragons" time="0.022"/>
  <testcase classname="cz.muni.pv168.dragonrental.backend.DragonManagerImplTest" name="testGetDragonById" time="0.032"/>
  <testcase classname="cz.muni.pv168.dragonrental.backend.DragonManagerImplTest" name="testCreateDragonBornToday" time="0.015"/>
  <testcase classname="cz.muni.pv168.dragonrental.backend.DragonManagerImplTest" name="testUpdateDragonWithNullElement" time="0.032"/>
  <testcase classname="cz.muni.pv168.dragonrental.backend.DragonManagerImplTest" name="testUpdateDragonMaxSpeed" time="0.022"/>
  <testcase classname="cz.muni.pv168.dragonrental.backend.DragonManagerImplTest" name="testUpdateDragonWithNegativeMaxSpeed" time="0.031"/>
  <testcase classname="cz.muni.pv168.dragonrental.backend.DragonManagerImplTest" name="testCreateDragonWithZeroSpeed" time="0.031"/>
  <testcase classname="cz.muni.pv168.dragonrental.backend.DragonManagerImplTest" name="testUpdateDragonWithNullDateOfBirth" time="0.016"/>
  <testcase classname="cz.muni.pv168.dragonrental.backend.DragonManagerImplTest" name="testUpdateDragonWithNullName" time="0.03"/>
  <testcase classname="cz.muni.pv168.dragonrental.backend.DragonManagerImplTest" name="testFindDragonsWithSqlException" time="0.014"/>
  <testcase classname="cz.muni.pv168.dragonrental.backend.DragonManagerImplTest" name="testCreateDragonWithSqlException" time="0.016"/>
  <testcase classname="cz.muni.pv168.dragonrental.backend.DragonManagerImplTest" name="testUpdateDragonWithZeroMaxSpeed" time="0.028"/>
  <testcase classname="cz.muni.pv168.dragonrental.backend.DragonManagerImplTest" name="testFindDragonsNullDragon" time="0.018"/>
  <testcase classname="cz.muni.pv168.dragonrental.backend.DragonManagerImplTest" name="testFindDragons" time="0.033"/>
  <testcase classname="cz.muni.pv168.dragonrental.backend.DragonManagerImplTest" name="testCreateDragon" time="0.025"/>
</testsuite>