<?xml version="1.0" encoding="UTF-8" ?>
<testsuite tests="42" failures="0" name="cz.muni.pv168.dragonrental.backend.ReservationManagerImplTest" time="1.662" errors="0" skipped="0">
  <properties>
[...]
</properties>
  <testcase classname="cz.muni.pv168.dragonrental.backend.ReservationManagerImplTest" name="testRemoveNullReservation" time="0.084"/>
  <testcase classname="cz.muni.pv168.dragonrental.backend.ReservationManagerImplTest" name="testCreateValidReservationWithNullTimeTo" time="0.047"/>
  <testcase classname="cz.muni.pv168.dragonrental.backend.ReservationManagerImplTest" name="testFindReservationForId" time="0.053"/>
  <testcase classname="cz.muni.pv168.dragonrental.backend.ReservationManagerImplTest" name="testListNoReservations" time="0.031"/>
  <testcase classname="cz.muni.pv168.dragonrental.backend.ReservationManagerImplTest" name="testRemoveReservationLast" time="0.047"/>
  <testcase classname="cz.muni.pv168.dragonrental.backend.ReservationManagerImplTest" name="testFindReservationAfterTimeFrom" time="0.054"/>
  <testcase classname="cz.muni.pv168.dragonrental.backend.ReservationManagerImplTest" name="testCreateNullReservation" time="0.015"/>
  <testcase classname="cz.muni.pv168.dragonrental.backend.ReservationManagerImplTest" name="testUpdateReservationWithDragon" time="0.054"/>
  <testcase classname="cz.muni.pv168.dragonrental.backend.ReservationManagerImplTest" name="testListAllReservationsWithSqlExceptionThrown" time="0.031"/>
  <testcase classname="cz.muni.pv168.dragonrental.backend.ReservationManagerImplTest" name="testFindActiveReservations" time="0.047"/>
  <testcase classname="cz.muni.pv168.dragonrental.backend.ReservationManagerImplTest" name="testRemoveNonPresentReservation" time="0.047"/>
  <testcase classname="cz.muni.pv168.dragonrental.backend.ReservationManagerImplTest" name="testRemoveReservationWithSqlExceptionThrown" time="0.031"/>
  <testcase classname="cz.muni.pv168.dragonrental.backend.ReservationManagerImplTest" name="testUpdateReservationWithNullId" time="0.022"/>
  <testcase classname="cz.muni.pv168.dragonrental.backend.ReservationManagerImplTest" name="testCreateReservationWithNoBorrower" time="0.031"/>
  <testcase classname="cz.muni.pv168.dragonrental.backend.ReservationManagerImplTest" name="testCreateValidReservation" time="0.047"/>
  <testcase classname="cz.muni.pv168.dragonrental.backend.ReservationManagerImplTest" name="testFindReservationForDragon" time="0.054"/>
  <testcase classname="cz.muni.pv168.dragonrental.backend.ReservationManagerImplTest" name="testUpdateReservationWithPerson" time="0.047"/>
  <testcase classname="cz.muni.pv168.dragonrental.backend.ReservationManagerImplTest" name="testCreateReservationWithNoTimeFrom" time="0.022"/>
  <testcase classname="cz.muni.pv168.dragonrental.backend.ReservationManagerImplTest" name="testUpdateReservation" time="0.047"/>
  <testcase classname="cz.muni.pv168.dragonrental.backend.ReservationManagerImplTest" name="testFindUnpaidReservations" time="0.049"/>
  <testcase classname="cz.muni.pv168.dragonrental.backend.ReservationManagerImplTest" name="testFindReservationWithSqlExceptionThrown" time="0.02"/>
  <testcase classname="cz.muni.pv168.dragonrental.backend.ReservationManagerImplTest" name="testFindReservationForPerson" time="0.031"/>
  <testcase classname="cz.muni.pv168.dragonrental.backend.ReservationManagerImplTest" name="testFindReservationInATimeInterval" time="0.048"/>
  <testcase classname="cz.muni.pv168.dragonrental.backend.ReservationManagerImplTest" name="testListAllReservations" time="0.021"/>
  <testcase classname="cz.muni.pv168.dragonrental.backend.ReservationManagerImplTest" name="testCreateReservationWithNegativePricePerHour" time="0.031"/>
  <testcase classname="cz.muni.pv168.dragonrental.backend.ReservationManagerImplTest" name="testCreateReservationWithNoDragon" time="0.031"/>
  <testcase classname="cz.muni.pv168.dragonrental.backend.ReservationManagerImplTest" name="testGetNonExistingReservation" time="0.122"/>
  <testcase classname="cz.muni.pv168.dragonrental.backend.ReservationManagerImplTest" name="testUpdateNullReservation" time="0.016"/>
  <testcase classname="cz.muni.pv168.dragonrental.backend.ReservationManagerImplTest" name="testRemoveReservationWithNullId" time="0.031"/>
  <testcase classname="cz.muni.pv168.dragonrental.backend.ReservationManagerImplTest" name="testCreateReservationWithExistingId" time="0.031"/>
  <testcase classname="cz.muni.pv168.dragonrental.backend.ReservationManagerImplTest" name="testCreateReservationWithNoPricePerHour" time="0.034"/>
  <testcase classname="cz.muni.pv168.dragonrental.backend.ReservationManagerImplTest" name="testCreateReservationWithSqlExceptionThrown" time="0.023"/>
  <testcase classname="cz.muni.pv168.dragonrental.backend.ReservationManagerImplTest" name="testGetReservationWithSqlExceptionThrown" time="0.026"/>
  <testcase classname="cz.muni.pv168.dragonrental.backend.ReservationManagerImplTest" name="testGetReservation" time="0.038"/>
  <testcase classname="cz.muni.pv168.dragonrental.backend.ReservationManagerImplTest" name="testUpdateReservationWithTimeFrom" time="0.032"/>
  <testcase classname="cz.muni.pv168.dragonrental.backend.ReservationManagerImplTest" name="testFindReservationWithPricePerHourLargerThan" time="0.036"/>
  <testcase classname="cz.muni.pv168.dragonrental.backend.ReservationManagerImplTest" name="testUpdateReservationWithPricePerHour" time="0.043"/>
  <testcase classname="cz.muni.pv168.dragonrental.backend.ReservationManagerImplTest" name="testUpdateReservationWithDifferentTimeTo" time="0.051"/>
  <testcase classname="cz.muni.pv168.dragonrental.backend.ReservationManagerImplTest" name="testFindNullReservation" time="0.006"/>
  <testcase classname="cz.muni.pv168.dragonrental.backend.ReservationManagerImplTest" name="testCreateReservationWithNegativeMoneyPaid" time="0.031"/>
  <testcase classname="cz.muni.pv168.dragonrental.backend.ReservationManagerImplTest" name="testUpdateReservationWithSqlExceptionThrown" time="0.016"/>
  <testcase classname="cz.muni.pv168.dragonrental.backend.ReservationManagerImplTest" name="testCreateReservationWithNoMoneyPaid" time="0.031"/>
</testsuite>